<?xml version="1.0" encoding="UTF-8"?>
<!-- Generated by org.testng.reporters.JUnitReportReporter -->
<testsuite hostname="Rajaneesh" failures="0" tests="1" name="tests.TC003" time="37.593" errors="0" timestamp="2024-10-13T19:44:46 IST" skipped="0">
  <testcase classname="tests.TC003" name="launchchrome" time="37.593"/>
  <system-out/>
</testsuite> <!-- tests.TC003 -->
