<?xml version="1.0" encoding="UTF-8"?>
<!-- Generated by org.testng.reporters.JUnitReportReporter -->
<testsuite hostname="Rajaneesh" failures="0" tests="1" name="tests.TC001" time="35.471" errors="0" timestamp="2024-10-13T19:39:32 IST" skipped="0">
  <testcase classname="tests.TC001" name="testNavigateToViewsAndInteract" time="35.471"/>
  <system-out/>
</testsuite> <!-- tests.TC001 -->
